<?xml version="1.0" encoding="UTF-8"?>
<!-- Generated by org.testng.reporters.JUnitReportReporter -->
<testsuite name="bi.com.seleniumgrid.TestGridClass" tests="2" time="40.354" ignored="0" failures="0" timestamp="22 Apr 2017 12:32:53 GMT" skipped="0" hostname="world" errors="0">
  <testcase name="calculatepercent" time="20.862" classname="bi.com.seleniumgrid.TestGridClass"/>
  <testcase name="calculatepercent" time="19.492" classname="bi.com.seleniumgrid.TestGridClass"/>
</testsuite> <!-- bi.com.seleniumgrid.TestGridClass -->
