<?xml version="1.0" encoding="UTF-8"?>
<!-- Generated by org.testng.reporters.JUnitReportReporter -->
<testsuite name="bi.com.seleniumgrid.TestLocalFirefox" tests="1" time="12.538" ignored="0" failures="0" timestamp="22 Apr 2017 12:11:00 GMT" skipped="0" hostname="world" errors="0">
  <testcase name="calculatepercent" time="12.538" classname="bi.com.seleniumgrid.TestLocalFirefox"/>
</testsuite> <!-- bi.com.seleniumgrid.TestLocalFirefox -->
